<?xml version="1.0" encoding="UTF-8"?>
<!-- Generated by org.testng.reporters.JUnitXMLReporter -->
<testsuite ignored="0" hostname="LAPTOP-8L8GS2SD" failures="0" tests="1" name="Default test" time="0.142" errors="0" timestamp="2022-08-23T14:16:51 CEST">
  <testcase classname="WinAppDriver.WinAppDriver" name="@BeforeTest setUptest" time="0.081">
    <failure type="java.lang.NoSuchMethodError" message="&amp;apos;org.openqa.selenium.Platform org.openqa.selenium.Capabilities.getPlatformName()&amp;apos;">
      <![CDATA[java.lang.NoSuchMethodError: 'org.openqa.selenium.Platform org.openqa.selenium.Capabilities.getPlatformName()'
at io.appium.java_client.AppiumDriver.ensurePlatformName(AppiumDriver.java:136)
at io.appium.java_client.AppiumDriver.ensurePlatformAndAutomationNames(AppiumDriver.java:173)
at io.appium.java_client.windows.WindowsDriver.<init>(WindowsDriver.java:48)
at WinAppDriver.WinAppDriver.setUptest(WinAppDriver.java:31)
at java.base/jdk.internal.reflect.NativeMethodAccessorImpl.invoke0(Native Method)
at java.base/jdk.internal.reflect.NativeMethodAccessorImpl.invoke(NativeMethodAccessorImpl.java:77)
at java.base/jdk.internal.reflect.DelegatingMethodAccessorImpl.invoke(DelegatingMethodAccessorImpl.java:43)
at java.base/java.lang.reflect.Method.invoke(Method.java:568)
at org.testng.internal.MethodInvocationHelper.invokeMethod(MethodInvocationHelper.java:133)
at org.testng.internal.MethodInvocationHelper.invokeMethodConsideringTimeout(MethodInvocationHelper.java:62)
at org.testng.internal.ConfigInvoker.invokeConfigurationMethod(ConfigInvoker.java:385)
at org.testng.internal.ConfigInvoker.invokeConfigurations(ConfigInvoker.java:321)
at org.testng.TestRunner.invokeTestConfigurations(TestRunner.java:637)
at org.testng.TestRunner.beforeRun(TestRunner.java:627)
at org.testng.TestRunner.run(TestRunner.java:589)
at org.testng.SuiteRunner.runTest(SuiteRunner.java:377)
at org.testng.SuiteRunner.runSequentially(SuiteRunner.java:371)
at org.testng.SuiteRunner.privateRun(SuiteRunner.java:332)
at org.testng.SuiteRunner.run(SuiteRunner.java:276)
at org.testng.SuiteRunnerWorker.runSuite(SuiteRunnerWorker.java:53)
at org.testng.SuiteRunnerWorker.run(SuiteRunnerWorker.java:96)
at org.testng.TestNG.runSuitesSequentially(TestNG.java:1212)
at org.testng.TestNG.runSuitesLocally(TestNG.java:1134)
at org.testng.TestNG.runSuites(TestNG.java:1063)
at org.testng.TestNG.run(TestNG.java:1031)
at org.testng.remote.AbstractRemoteTestNG.run(AbstractRemoteTestNG.java:115)
at org.testng.remote.RemoteTestNG.initAndRun(RemoteTestNG.java:251)
at org.testng.remote.RemoteTestNG.main(RemoteTestNG.java:77)
]]>
    </failure>
  </testcase> <!-- @BeforeTest setUptest -->
  <testcase classname="WinAppDriver.WinAppDriver" name="@AfterTest tearDown" time="-1.661257011559E9">
    <skipped/>
  </testcase> <!-- @AfterTest tearDown -->
  <testcase classname="WinAppDriver.WinAppDriver" name="checkAboutWindow" time="0.0">
    <skipped/>
  </testcase> <!-- checkAboutWindow -->
</testsuite> <!-- Default test -->
